Added Component: Designator=1(LDR-5mm)
Added Component: Designator=2(Thermistor-100mil)
Added Component: Designator=C1(0805C)
Added Component: Designator=C2(0805C)
Added Component: Designator=C3(CP-RAD-5.0mm-11.0mm-2.0mm)
Added Component: Designator=D1(DO-41-Plastic)
Added Component: Designator=P1(HDR-F-1x4-2.54mm-180-8.7mm)
Added Component: Designator=P2(HDR-M-1x2-2.54mm-180-9.2mm)
Added Component: Designator=P3(HDR-M-1x4-2.54mm-180-11.2mm)
Added Component: Designator=P4(HDR-M-1x2-2.54mm-180-9.2mm)
Added Component: Designator=P5(HDR-M-1x2-2.54mm-180-9.2mm)
Added Component: Designator=P6(HDR-M-1x4-2.54mm-180-11.2mm)
Added Component: Designator=P7(HDR-M-1x2-2.54mm-180-9.2mm)
Added Component: Designator=P8(HDR-M-1x2-2.54mm-180-9.2mm)
Added Component: Designator=Q1(E3)
Added Component: Designator=Q2(E3)
Added Component: Designator=R1(0805R)
Added Component: Designator=R2(0805R)
Added Component: Designator=R3(0805R)
Added Component: Designator=R4(0805R)
Added Component: Designator=R5(0805R)
Added Component: Designator=R6(0805R)
Added Component: Designator=R7(0805R)
Added Component: Designator=R8(0805R)
Added Component: Designator=R9(0805R)
Added Component: Designator=U1(TQFP32-7.0mm(0.8mm))
Added Component: Designator=U2(nRF24l01)
Added Component: Designator=U3(CR2032)
Added Component: Designator=U4(SOT-223/4)
Added Pin To Net: NetName=3V3 Pin=D1-K
Added Pin To Net: NetName=3V3 Pin=P1-1
Added Pin To Net: NetName=3V3 Pin=P3-1
Added Pin To Net: NetName=3V3 Pin=P6-2
Added Pin To Net: NetName=3V3 Pin=R1-2
Added Pin To Net: NetName=3V3 Pin=R2-2
Added Pin To Net: NetName=3V3 Pin=R5-1
Added Pin To Net: NetName=3V3 Pin=U1-4
Added Pin To Net: NetName=3V3 Pin=U1-6
Added Pin To Net: NetName=3V3 Pin=U1-18
Added Net: Name=3V3
Added Pin To Net: NetName=GND Pin=1-2
Added Pin To Net: NetName=GND Pin=2-2
Added Pin To Net: NetName=GND Pin=C1-1
Added Pin To Net: NetName=GND Pin=C2-1
Added Pin To Net: NetName=GND Pin=P1-2
Added Pin To Net: NetName=GND Pin=P3-2
Added Pin To Net: NetName=GND Pin=P5-2
Added Pin To Net: NetName=GND Pin=P6-1
Added Pin To Net: NetName=GND Pin=P8-1
Added Pin To Net: NetName=GND Pin=Q1-3
Added Pin To Net: NetName=GND Pin=Q2-3
Added Pin To Net: NetName=GND Pin=R3-2
Added Pin To Net: NetName=GND Pin=R9-1
Added Pin To Net: NetName=GND Pin=U1-3
Added Pin To Net: NetName=GND Pin=U1-5
Added Pin To Net: NetName=GND Pin=U1-20
Added Pin To Net: NetName=GND Pin=U1-21
Added Net: Name=GND
Added Pin To Net: NetName=Net1_1 Pin=1-1
Added Pin To Net: NetName=Net1_1 Pin=R1-1
Added Pin To Net: NetName=Net1_1 Pin=U1-23
Added Net: Name=Net1_1
Added Pin To Net: NetName=Net2_1 Pin=2-1
Added Pin To Net: NetName=Net2_1 Pin=R2-1
Added Pin To Net: NetName=Net2_1 Pin=U1-24
Added Net: Name=Net2_1
Added Pin To Net: NetName=NetC2_2 Pin=C2-2
Added Pin To Net: NetName=NetC2_2 Pin=C3-2
Added Pin To Net: NetName=NetC2_2 Pin=D1-A
Added Pin To Net: NetName=NetC2_2 Pin=R8-2
Added Pin To Net: NetName=NetC2_2 Pin=U4-2
Added Net: Name=NetC2_2
Added Pin To Net: NetName=NetP1_3 Pin=P1-3
Added Pin To Net: NetName=NetP1_3 Pin=U1-1
Added Net: Name=NetP1_3
Added Pin To Net: NetName=NetP1_4 Pin=P1-4
Added Pin To Net: NetName=NetP1_4 Pin=R3-1
Added Pin To Net: NetName=NetP1_4 Pin=R4-2
Added Net: Name=NetP1_4
Added Pin To Net: NetName=NetP2_1 Pin=P2-1
Added Pin To Net: NetName=NetP2_1 Pin=Q1-1
Added Net: Name=NetP2_1
Added Pin To Net: NetName=NetP3_3 Pin=P3-3
Added Pin To Net: NetName=NetP3_3 Pin=U1-31
Added Net: Name=NetP3_3
Added Pin To Net: NetName=NetP3_4 Pin=P3-4
Added Pin To Net: NetName=NetP3_4 Pin=U1-30
Added Net: Name=NetP3_4
Added Pin To Net: NetName=NetP4_1 Pin=P4-1
Added Pin To Net: NetName=NetP4_1 Pin=Q2-1
Added Net: Name=NetP4_1
Added Pin To Net: NetName=NetP5_1 Pin=P5-1
Added Pin To Net: NetName=NetP5_1 Pin=R5-2
Added Pin To Net: NetName=NetP5_1 Pin=U1-29
Added Net: Name=NetP5_1
Added Pin To Net: NetName=NetP6_3 Pin=P6-3
Added Pin To Net: NetName=NetP6_3 Pin=U1-27
Added Net: Name=NetP6_3
Added Pin To Net: NetName=NetP6_4 Pin=P6-4
Added Pin To Net: NetName=NetP6_4 Pin=U1-28
Added Net: Name=NetP6_4
Added Pin To Net: NetName=NetP7_1 Pin=P7-1
Added Pin To Net: NetName=NetP7_1 Pin=U1-25
Added Net: Name=NetP7_1
Added Pin To Net: NetName=NetP7_2 Pin=P7-2
Added Pin To Net: NetName=NetP7_2 Pin=U1-26
Added Net: Name=NetP7_2
Added Pin To Net: NetName=NetQ1_2 Pin=Q1-2
Added Pin To Net: NetName=NetQ1_2 Pin=R6-2
Added Net: Name=NetQ1_2
Added Pin To Net: NetName=NetQ2_2 Pin=Q2-2
Added Pin To Net: NetName=NetQ2_2 Pin=R7-2
Added Net: Name=NetQ2_2
Added Pin To Net: NetName=NetR4_1 Pin=R4-1
Added Pin To Net: NetName=NetR4_1 Pin=U1-32
Added Net: Name=NetR4_1
Added Pin To Net: NetName=NetR6_1 Pin=R6-1
Added Pin To Net: NetName=NetR6_1 Pin=U1-10
Added Net: Name=NetR6_1
Added Pin To Net: NetName=NetR7_1 Pin=R7-1
Added Pin To Net: NetName=NetR7_1 Pin=U1-9
Added Net: Name=NetR7_1
Added Pin To Net: NetName=NetR8_1 Pin=R8-1
Added Pin To Net: NetName=NetR8_1 Pin=R9-2
Added Pin To Net: NetName=NetR8_1 Pin=U4-1
Added Net: Name=NetR8_1
Added Pin To Net: NetName=NetU1_13 Pin=U1-13
Added Net: Name=NetU1_13
Added Pin To Net: NetName=NetU1_14 Pin=U1-14
Added Net: Name=NetU1_14
Added Pin To Net: NetName=NetU1_15 Pin=U1-15
Added Net: Name=NetU1_15
Added Pin To Net: NetName=NetU1_16 Pin=U1-16
Added Net: Name=NetU1_16
Added Pin To Net: NetName=NetU1_17 Pin=U1-17
Added Net: Name=NetU1_17
Added Pin To Net: NetName=VIN Pin=C1-2
Added Pin To Net: NetName=VIN Pin=C3-1
Added Pin To Net: NetName=VIN Pin=P2-2
Added Pin To Net: NetName=VIN Pin=P4-2
Added Pin To Net: NetName=VIN Pin=P8-2
Added Pin To Net: NetName=VIN Pin=U4-3
Added Net: Name=VIN
Added Class: Name=schematic
Added Room: Name=schematic
