Removed Pin From Net: NetName=NetQ1_2 Pin=R6-2
Removed Pin From Net: NetName=NetQ2_2 Pin=R7-2
Removed Pin From Net: NetName=NetQ3_2 Pin=R10-2
Removed Pin From Net: NetName=GND Pin=U1-20
Removed Pin From Net: NetName=3V3 Pin=U2-VCC
Change Component Comment : Designator=P8 Old Comment=SOUREC New Comment=SOURCE
Added Component: Designator=C5(0805C)
Added Component: Designator=Q4(SOT-23B_N)
Added Component: Designator=Q5(SOT-23B_N)
Added Component: Designator=Q6(SOT-23B_N)
Added Component: Designator=R13(0805R)
Added Pin To Net: NetName=GND Pin=C5-2
Added Pin To Net: NetName=NetQ3_2 Pin=Q4-1
Added Pin To Net: NetName=GND Pin=Q4-3
Added Pin To Net: NetName=NetQ1_2 Pin=Q5-1
Added Pin To Net: NetName=GND Pin=Q5-3
Added Pin To Net: NetName=NetQ2_2 Pin=Q6-1
Added Pin To Net: NetName=GND Pin=Q6-3
Added Pin To Net: NetName=GND Pin=R13-1
Added Pin To Net: NetName=NetC5_1 Pin=C5-1
Added Pin To Net: NetName=NetC5_1 Pin=U2-VCC
Added Net: Name=NetC5_1
Added Pin To Net: NetName=NetQ4_2 Pin=Q4-2
Added Pin To Net: NetName=NetQ4_2 Pin=R10-2
Added Net: Name=NetQ4_2
Added Pin To Net: NetName=NetQ5_2 Pin=Q5-2
Added Pin To Net: NetName=NetQ5_2 Pin=R6-2
Added Net: Name=NetQ5_2
Added Pin To Net: NetName=NetQ6_2 Pin=Q6-2
Added Pin To Net: NetName=NetQ6_2 Pin=R7-2
Added Net: Name=NetQ6_2
Added Pin To Net: NetName=NetR13_2 Pin=R13-2
Added Pin To Net: NetName=NetR13_2 Pin=U1-20
Added Net: Name=NetR13_2
Added Member To Class: ClassName=schematic Member=Component C5 Value
Added Member To Class: ClassName=schematic Member=Component Q4 QNPN
Added Member To Class: ClassName=schematic Member=Component Q5 QNPN
Added Member To Class: ClassName=schematic Member=Component Q6 QNPN
Added Member To Class: ClassName=schematic Member=Component R13 0R
